android/build/outputs/mapping/release/seeds.txt
np.com.cosmoconcepts.twa.Application
np.com.cosmoconcepts.twa.LauncherActivity: LauncherActivity()
np.com.cosmoconcepts.twa.LauncherActivity
np.com.cosmoconcepts.twa.Application: Application()
np.com.cosmoconcepts.twa.DelegationService: DelegationService()
np.com.cosmoconcepts.twa.DelegationService
...
androidx.core.app.CoreComponentFactory
androidx.browser.browseractions.BrowserActionsFallbackMenuView
androidx.lifecycle.FullLifecycleObserverAdapter
androidx.core.content.FileProvider: FileProvider()
com.google.androidbrowserhelper.trusted.WebViewFallbackActivity: WebViewFallbackActivity()
com.google.androidbrowserhelper.trusted.LauncherActivity: LauncherActivity()
android.support.v4.graphics.drawable.IconCompatParcelizer
androidx.core.graphics.drawable.IconCompatParcelizer
androidx.lifecycle.CompositeGeneratedAdaptersObserver
androidx.core.app.CoreComponentFactory: CoreComponentFactory()
android.support.v4.graphics.drawable.IconCompatParcelizer: androidx.core.graphics.drawable.IconCompat read(androidx.versionedparcelable.VersionedParcel)
android.support.v4.app.RemoteActionCompatParcelizer: void write(androidx.core.app.RemoteActionCompat,androidx.versionedparcelable.VersionedParcel)
androidx.core.graphics.drawable.IconCompat: IconCompat()
android.support.v4.app.RemoteActionCompatParcelizer: RemoteActionCompatParcelizer()
android.support.v4.graphics.drawable.IconCompatParcelizer: IconCompatParcelizer()
androidx.core.content.FileProvider
androidx.core.graphics.drawable.IconCompatParcelizer: void write(androidx.core.graphics.drawable.IconCompat,androidx.versionedparcelable.VersionedParcel)
androidx.core.app.RemoteActionCompatParcelizer: RemoteActionCompatParcelizer()
com.google.androidbrowserhelper.trusted.ManageDataLauncherActivity
androidx.core.graphics.drawable.IconCompatParcelizer: IconCompatParcelizer()
com.google.androidbrowserhelper.trusted.DelegationService: DelegationService()
com.google.androidbrowserhelper.trusted.NotificationPermissionRequestActivity: NotificationPermissionRequestActivity()
androidx.versionedparcelable.ParcelImpl: android.os.Parcelable$Creator CREATOR
androidx.lifecycle.SingleGeneratedAdapterObserver
com.google.androidbrowserhelper.trusted.FocusActivity: FocusActivity()
androidx.browser.trusted.TrustedWebActivityService: TrustedWebActivityService()
com.google.androidbrowserhelper.trusted.WebViewFallbackActivity
androidx.core.app.RemoteActionCompatParcelizer: void write(androidx.core.app.RemoteActionCompat,androidx.versionedparcelable.VersionedParcel)
android.support.v4.app.RemoteActionCompatParcelizer: androidx.core.app.RemoteActionCompat read(androidx.versionedparcelable.VersionedParcel)
android.support.v4.app.RemoteActionCompatParcelizer
androidx.core.app.RemoteActionCompatParcelizer: androidx.core.app.RemoteActionCompat read(androidx.versionedparcelable.VersionedParcel)
androidx.annotation.Keep
androidx.versionedparcelable.ParcelImpl
androidx.core.graphics.drawable.IconCompat
androidx.versionedparcelable.CustomVersionedParcelable
androidx.core.graphics.drawable.IconCompatParcelizer: androidx.core.graphics.drawable.IconCompat read(androidx.versionedparcelable.VersionedParcel)
com.google.androidbrowserhelper.trusted.ManageDataLauncherActivity: ManageDataLauncherActivity()
androidx.browser.browseractions.BrowserActionsFallbackMenuView: BrowserActionsFallbackMenuView(android.content.Context,android.util.AttributeSet)
com.google.androidbrowserhelper.trusted.FocusActivity
androidx.core.app.RemoteActionCompat: RemoteActionCompat()
androidx.versionedparcelable.CustomVersionedParcelable: CustomVersionedParcelable()
androidx.lifecycle.ReflectiveGenericLifecycleObserver
android.support.v4.graphics.drawable.IconCompatParcelizer: void write(androidx.core.graphics.drawable.IconCompat,androidx.versionedparcelable.VersionedParcel)
androidx.core.app.RemoteActionCompat
com.google.androidbrowserhelper.trusted.NotificationPermissionRequestActivity
androidx.core.app.RemoteActionCompatParcelizer