android/build/outputs/mapping/release/usage.txt
np.com.cosmoconcepts.twa.R$color
np.com.cosmoconcepts.twa.R$raw
np.com.cosmoconcepts.twa.R
np.com.cosmoconcepts.twa.R$xml
np.com.cosmoconcepts.twa.R$string
np.com.cosmoconcepts.twa.R$layout
np.com.cosmoconcepts.twa.R$drawable
np.com.cosmoconcepts.twa.R$id
np.com.cosmoconcepts.twa.R$styleable
np.com.cosmoconcepts.twa.R$style
np.com.cosmoconcepts.twa.R$attr
np.com.cosmoconcepts.twa.R$integer
np.com.cosmoconcepts.twa.R$dimen
np.com.cosmoconcepts.twa.R$bool
np.com.cosmoconcepts.twa.R$mipmap
np.com.cosmoconcepts.twa.BuildConfig
...
androidx.browser.trusted.TrustedWebActivityServiceConnection$NotificationsEnabledArgs:
    public android.os.Bundle toBundle()
androidx.core.view.accessibility.AccessibilityManagerCompat$AccessibilityStateChangeListenerCompat
androidx.core.app.NotificationCompat$MessagingStyle$Message
androidx.core.R$color
androidx.core.widget.TextViewCompat$AutoSizeTextType
androidx.annotation.NavigationRes
androidx.core.view.GestureDetectorCompat$GestureDetectorCompatImplBase$GestureHandler
androidx.core.view.accessibility.AccessibilityNodeInfoCompat
androidx.browser.trusted.sharing.ShareTarget:
    public static androidx.browser.trusted.sharing.ShareTarget fromBundle(android.os.Bundle)
    public static final java.lang.String KEY_ACTION
    public static final java.lang.String KEY_METHOD
    public static final java.lang.String KEY_ENCTYPE
    public static final java.lang.String KEY_PARAMS
    public static final java.lang.String METHOD_GET
    public static final java.lang.String METHOD_POST
    public static final java.lang.String ENCODING_TYPE_URL_ENCODED
    public static final java.lang.String ENCODING_TYPE_MULTIPART
androidx.core.internal.view.SupportMenu
androidx.core.hardware.fingerprint.FingerprintManagerCompat$1
androidx.browser.customtabs.CustomTabsIntent$ColorScheme
androidx.core.text.util.LinkifyCompat$LinkSpec
androidx.core.graphics.PathUtils
androidx.core.app.NotificationCompat$WearableExtender
androidx.browser.R$color
androidx.core.view.WindowInsetsCompat
androidx.core.view.LayoutInflaterFactory
androidx.annotation.BoolRes
androidx.core.text.TextDirectionHeuristicsCompat$TextDirectionAlgorithm
com.google.androidbrowserhelper.R$layout
androidx.core.app.NotificationBuilderWithBuilderAccessor
androidx.core.view.accessibility.AccessibilityNodeInfoCompat$CollectionInfoCompat
androidx.core.app.FrameMetricsAggregator$FrameMetricsBaseImpl
android.support.customtabs.IPostMessageService$Stub
androidx.core.R$drawable
androidx.core.text.BidiFormatter
androidx.core.view.inputmethod.InputConnectionCompat$1
androidx.annotation.FontRes
androidx.core.widget.AutoScrollHelper$ClampedScroller
androidx.browser.customtabs.CustomTabsIntent$Builder:
    public void <init>(androidx.browser.customtabs.CustomTabsSession)
    public androidx.browser.customtabs.CustomTabsIntent$Builder setPendingSession(androidx.browser.customtabs.CustomTabsSession$PendingSession)
    public androidx.browser.customtabs.CustomTabsIntent$Builder enableUrlBarHiding()
    public androidx.browser.customtabs.CustomTabsIntent$Builder setUrlBarHidingEnabled(boolean)
    public androidx.browser.customtabs.CustomTabsIntent$Builder setCloseButtonIcon(android.graphics.Bitmap)
    public androidx.browser.customtabs.CustomTabsIntent$Builder setShowTitle(boolean)
    public androidx.browser.customtabs.CustomTabsIntent$Builder addMenuItem(java.lang.String,android.app.PendingIntent)
    public androidx.browser.customtabs.CustomTabsIntent$Builder addDefaultShareMenuItem()
    public androidx.browser.customtabs.CustomTabsIntent$Builder setDefaultShareMenuItemEnabled(boolean)
    public androidx.browser.customtabs.CustomTabsIntent$Builder setShareState(int)
    public androidx.browser.customtabs.CustomTabsIntent$Builder setActionButton(android.graphics.Bitmap,java.lang.String,android.app.PendingIntent,boolean)
    public androidx.browser.customtabs.CustomTabsIntent$Builder setActionButton(android.graphics.Bitmap,java.lang.String,android.app.PendingIntent)
    public androidx.browser.customtabs.CustomTabsIntent$Builder addToolbarItem(int,android.graphics.Bitmap,java.lang.String,android.app.PendingIntent)
androidx.core.view.InputDeviceCompat
androidx.browser.customtabs.CustomTabsIntent$ShareState
androidx.core.app.AppLaunchChecker
androidx.browser.trusted.TrustedWebActivityServiceConnection$NotifyNotificationArgs:
    public android.os.Bundle toBundle()